0 0
0 4096
0 32768
0 36864
0 65536
0 69632
0 98304
0 102400
0 131072
0 135168
0 16777216
0 16781312
0 16809984
0 16814080
0 16842752
0 16846848
0 16875520
0 16879616
0 16908288
0 16912384
0 33554432
0 33558528
0 33587200
0 33591296
0 33619968
0 33624064
0 33652736
0 33656832
0 33685504
0 33689600
0 50331648
0 50335744
0 50364416
0 50368512
0 50397184
0 50401280
0 50429952
0 50434048
0 50462720
0 50466816
0 67108864
0 67112960
0 67141632
0 67145728
0 67174400
0 67178496
0 67207168
0 67211264
0 67239936
0 67244032
0 83886080
0 83890176
0 83918848
0 83922944
0 83951616
0 83955712
0 83984384
0 83988480
0 84017152
0 84021248
0 100663296
0 100667392
0 100696064
0 100700160
0 100728832
0 100732928
0 100761600
0 100765696
0 100794368
0 100798464
0 117440512
0 117444608
0 117473280
0 117477376
0 117506048
0 117510144
0 117538816
0 117542912
0 117571584
0 117575680
0 134217728
0 134221824
0 134250496
0 134254592
0 134283264
0 134287360
0 134316032
0 134320128
0 134348800
0 134352896
0 150994944
0 150999040
0 151027712
0 151031808
0 151060480
0 151064576
0 151093248
0 151097344
0 151126016
0 151130112
