0 0
0 4096
0 32768
0 36864
0 65536
0 69632
0 98304
0 102400
0 131072
0 135168
0 16777216
0 16781312
0 16809984
0 16814080
0 16842752
0 16846848
0 16875520
0 16879616
0 16908288
0 16912384
0 33554432
0 33558528
0 33587200
0 33591296
0 33619968
0 33624064
0 33652736
0 33656832
0 33685504
0 33689600
0 50331648
0 50335744
0 50364416
0 50368512
0 50397184
0 50401280
0 50429952
0 50434048
0 50462720
0 50466816
0 67108864
0 67112960
0 67141632
0 67145728
0 67174400
0 67178496
0 67207168
0 67211264
0 67239936
0 67244032
0 83886080
0 83890176
0 83918848
0 83922944
0 83951616
0 83955712
0 83984384
0 83988480
0 84017152
0 84021248
0 100663296
0 100667392
0 100696064
0 100700160
0 100728832
0 100732928
0 100761600
0 100765696
0 100794368
0 100798464
0 117440512
0 117444608
0 117473280
0 117477376
0 117506048
0 117510144
0 117538816
0 117542912
0 117571584
0 117575680
0 134217728
0 134221824
0 134250496
0 134254592
0 134283264
0 134287360
0 134316032
0 134320128
0 134348800
0 134352896
0 150994944
0 150999040
0 151027712
0 151031808
0 151060480
0 151064576
0 151093248
0 151097344
0 151126016
0 151130112
0 167772160
0 167776256
0 167804928
0 167809024
0 167837696
0 167841792
0 167870464
0 167874560
0 167903232
0 167907328
0 184549376
0 184553472
0 184582144
0 184586240
0 184614912
0 184619008
0 184647680
0 184651776
0 184680448
0 184684544
0 201326592
0 201330688
0 201359360
0 201363456
0 201392128
0 201396224
0 201424896
0 201428992
0 201457664
0 201461760
0 218103808
0 218107904
0 218136576
0 218140672
0 218169344
0 218173440
0 218202112
0 218206208
0 218234880
0 218238976
0 234881024
0 234885120
0 234913792
0 234917888
0 234946560
0 234950656
0 234979328
0 234983424
0 235012096
0 235016192
0 251658240
0 251662336
0 251691008
0 251695104
0 251723776
0 251727872
0 251756544
0 251760640
0 251789312
0 251793408
0 268435456
0 268439552
0 268468224
0 268472320
0 268500992
0 268505088
0 268533760
0 268537856
0 268566528
0 268570624
0 285212672
0 285216768
0 285245440
0 285249536
0 285278208
0 285282304
0 285310976
0 285315072
0 285343744
0 285347840
0 301989888
0 301993984
0 302022656
0 302026752
0 302055424
0 302059520
0 302088192
0 302092288
0 302120960
0 302125056
0 318767104
0 318771200
0 318799872
0 318803968
0 318832640
0 318836736
0 318865408
0 318869504
0 318898176
0 318902272
0 335544320
0 335548416
0 335577088
0 335581184
0 335609856
0 335613952
0 335642624
0 335646720
0 335675392
0 335679488
0 352321536
0 352325632
0 352354304
0 352358400
0 352387072
0 352391168
0 352419840
0 352423936
0 352452608
0 352456704
0 369098752
0 369102848
0 369131520
0 369135616
0 369164288
0 369168384
0 369197056
0 369201152
0 369229824
0 369233920
0 385875968
0 385880064
0 385908736
0 385912832
0 385941504
0 385945600
0 385974272
0 385978368
0 386007040
0 386011136
0 402653184
0 402657280
0 402685952
0 402690048
0 402718720
0 402722816
0 402751488
0 402755584
0 402784256
0 402788352
0 419430400
0 419434496
0 419463168
0 419467264
0 419495936
0 419500032
0 419528704
0 419532800
0 419561472
0 419565568
0 436207616
0 436211712
0 436240384
0 436244480
0 436273152
0 436277248
0 436305920
0 436310016
0 436338688
0 436342784
0 452984832
0 452988928
0 453017600
0 453021696
0 453050368
0 453054464
0 453083136
0 453087232
0 453115904
0 453120000
0 469762048
0 469766144
0 469794816
0 469798912
0 469827584
0 469831680
0 469860352
0 469864448
0 469893120
0 469897216
0 486539264
0 486543360
0 486572032
0 486576128
0 486604800
0 486608896
0 486637568
0 486641664
0 486670336
0 486674432
0 503316480
0 503320576
0 503349248
0 503353344
0 503382016
0 503386112
0 503414784
0 503418880
0 503447552
0 503451648
0 520093696
0 520097792
0 520126464
0 520130560
0 520159232
0 520163328
0 520192000
0 520196096
0 520224768
0 520228864
0 536870912
0 536875008
0 536903680
0 536907776
0 536936448
0 536940544
0 536969216
0 536973312
0 537001984
0 537006080
0 553648128
0 553652224
0 553680896
0 553684992
0 553713664
0 553717760
0 553746432
0 553750528
0 553779200
0 553783296
0 570425344
0 570429440
0 570458112
0 570462208
0 570490880
0 570494976
0 570523648
0 570527744
0 570556416
0 570560512
0 587202560
0 587206656
0 587235328
0 587239424
0 587268096
0 587272192
0 587300864
0 587304960
0 587333632
0 587337728
0 603979776
0 603983872
0 604012544
0 604016640
0 604045312
0 604049408
0 604078080
0 604082176
0 604110848
0 604114944
0 620756992
0 620761088
0 620789760
0 620793856
0 620822528
0 620826624
0 620855296
0 620859392
0 620888064
0 620892160
0 637534208
0 637538304
0 637566976
0 637571072
0 637599744
0 637603840
0 637632512
0 637636608
0 637665280
0 637669376
0 654311424
0 654315520
0 654344192
0 654348288
0 654376960
0 654381056
0 654409728
0 654413824
0 654442496
0 654446592
